2024-01-07T16:45:14.383+0800 [DEBUG] [org.gradle.launcher.daemon.bootstrap.DaemonMain] Assuming the daemon was started with following jvm opts: [--add-opens, java.base/java.util=ALL-UNNAMED, --add-opens, java.base/java.lang=ALL-UNNAMED, --add-opens, java.base/java.lang.invoke=ALL-UNNAMED, --add-opens, java.base/java.util=ALL-UNNAMED, --add-opens, java.prefs/java.util.prefs=ALL-UNNAMED, --add-opens, java.prefs/java.util.prefs=ALL-UNNAMED, --add-opens, java.base/java.nio.charset=ALL-UNNAMED, --add-opens, java.base/java.net=ALL-UNNAMED, --add-opens, java.base/java.util.concurrent.atomic=ALL-UNNAMED, -Xms128m, -Xmx1500m, -Dfile.encoding=windows-1252, -Duser.country=ID, -Duser.language=en, -Duser.variant]
2024-01-07T16:45:14.636+0800 [DEBUG] [org.gradle.internal.nativeintegration.services.NativeServices] Native-platform posix files integration is not available. Continuing with fallback.
2024-01-07T16:45:14.656+0800 [INFO] [org.gradle.launcher.daemon.server.Daemon] start() called on daemon - DefaultDaemonContext[uid=79c6662e-7179-4ac9-9669-f8c28ac246ad,javaHome=C:\Program Files\JetBrains\IntelliJ IDEA 2022.3\jbr,daemonRegistryDir=C:\Users\Vio\IdeaProjects\badSpaceShooter\daemon,pid=30496,idleTimeout=10800000,priority=NORMAL,daemonOpts=--add-opens,java.base/java.util=ALL-UNNAMED,--add-opens,java.base/java.lang=ALL-UNNAMED,--add-opens,java.base/java.lang.invoke=ALL-UNNAMED,--add-opens,java.base/java.util=ALL-UNNAMED,--add-opens,java.prefs/java.util.prefs=ALL-UNNAMED,--add-opens,java.prefs/java.util.prefs=ALL-UNNAMED,--add-opens,java.base/java.nio.charset=ALL-UNNAMED,--add-opens,java.base/java.net=ALL-UNNAMED,--add-opens,java.base/java.util.concurrent.atomic=ALL-UNNAMED,-Xms128m,-Xmx1500m,-Dfile.encoding=windows-1252,-Duser.country=ID,-Duser.language=en,-Duser.variant]
2024-01-07T16:45:14.826+0800 [DEBUG] [org.gradle.internal.remote.internal.inet.InetAddresses] Adding IP addresses for network interface Software Loopback Interface 1
2024-01-07T16:45:14.830+0800 [DEBUG] [org.gradle.internal.remote.internal.inet.InetAddresses] Is this a loopback interface? true
2024-01-07T16:45:14.832+0800 [DEBUG] [org.gradle.internal.remote.internal.inet.InetAddresses] Adding loopback address /127.0.0.1
2024-01-07T16:45:14.834+0800 [DEBUG] [org.gradle.internal.remote.internal.inet.InetAddresses] Adding loopback address /0:0:0:0:0:0:0:1
2024-01-07T16:45:14.837+0800 [DEBUG] [org.gradle.internal.remote.internal.inet.InetAddresses] Adding IP addresses for network interface Microsoft Kernel Debug Network Adapter
2024-01-07T16:45:14.844+0800 [DEBUG] [org.gradle.internal.remote.internal.inet.InetAddresses] Is this a loopback interface? false
2024-01-07T16:45:14.845+0800 [DEBUG] [org.gradle.internal.remote.internal.inet.InetAddresses] Adding IP addresses for network interface Microsoft 6to4 Adapter
2024-01-07T16:45:14.850+0800 [DEBUG] [org.gradle.internal.remote.internal.inet.InetAddresses] Is this a loopback interface? false
2024-01-07T16:45:14.851+0800 [DEBUG] [org.gradle.internal.remote.internal.inet.InetAddresses] Adding IP addresses for network interface WAN Miniport (SSTP)
2024-01-07T16:45:14.856+0800 [DEBUG] [org.gradle.internal.remote.internal.inet.InetAddresses] Is this a loopback interface? false
2024-01-07T16:45:14.857+0800 [DEBUG] [org.gradle.internal.remote.internal.inet.InetAddresses] Adding IP addresses for network interface WAN Miniport (Network Monitor)
2024-01-07T16:45:14.862+0800 [DEBUG] [org.gradle.internal.remote.internal.inet.InetAddresses] Is this a loopback interface? false
2024-01-07T16:45:14.863+0800 [DEBUG] [org.gradle.internal.remote.internal.inet.InetAddresses] Adding IP addresses for network interface WAN Miniport (IKEv2)
2024-01-07T16:45:14.868+0800 [DEBUG] [org.gradle.internal.remote.internal.inet.InetAddresses] Is this a loopback interface? false
2024-01-07T16:45:14.869+0800 [DEBUG] [org.gradle.internal.remote.internal.inet.InetAddresses] Adding IP addresses for network interface WAN Miniport (L2TP)
2024-01-07T16:45:14.874+0800 [DEBUG] [org.gradle.internal.remote.internal.inet.InetAddresses] Is this a loopback interface? false
2024-01-07T16:45:14.875+0800 [DEBUG] [org.gradle.internal.remote.internal.inet.InetAddresses] Adding IP addresses for network interface Microsoft IP-HTTPS Platform Adapter
2024-01-07T16:45:14.880+0800 [DEBUG] [org.gradle.internal.remote.internal.inet.InetAddresses] Is this a loopback interface? false
2024-01-07T16:45:14.881+0800 [DEBUG] [org.gradle.internal.remote.internal.inet.InetAddresses] Adding IP addresses for network interface Microsoft Wi-Fi Direct Virtual Adapter
2024-01-07T16:45:14.886+0800 [DEBUG] [org.gradle.internal.remote.internal.inet.InetAddresses] Is this a loopback interface? false
2024-01-07T16:45:14.887+0800 [DEBUG] [org.gradle.internal.remote.internal.inet.InetAddresses] Adding remote address /fe80:0:0:0:c455:6adb:bb91:d76%wlan0
2024-01-07T16:45:14.887+0800 [DEBUG] [org.gradle.internal.remote.internal.inet.InetAddresses] Adding IP addresses for network interface Bluetooth Device (Personal Area Network)
2024-01-07T16:45:14.891+0800 [DEBUG] [org.gradle.internal.remote.internal.inet.InetAddresses] Is this a loopback interface? false
2024-01-07T16:45:14.892+0800 [DEBUG] [org.gradle.internal.remote.internal.inet.InetAddresses] Adding remote address /fe80:0:0:0:f845:a5f0:2d4c:be19%eth2
2024-01-07T16:45:14.892+0800 [DEBUG] [org.gradle.internal.remote.internal.inet.InetAddresses] Adding IP addresses for network interface Microsoft Wi-Fi Direct Virtual Adapter #2
2024-01-07T16:45:14.899+0800 [DEBUG] [org.gradle.internal.remote.internal.inet.InetAddresses] Is this a loopback interface? false
2024-01-07T16:45:14.900+0800 [DEBUG] [org.gradle.internal.remote.internal.inet.InetAddresses] Adding remote address /fe80:0:0:0:281a:2cf3:60f6:6666%wlan1
2024-01-07T16:45:14.901+0800 [DEBUG] [org.gradle.internal.remote.internal.inet.InetAddresses] Adding IP addresses for network interface WAN Miniport (IP)
2024-01-07T16:45:14.907+0800 [DEBUG] [org.gradle.internal.remote.internal.inet.InetAddresses] Is this a loopback interface? false
2024-01-07T16:45:14.908+0800 [DEBUG] [org.gradle.internal.remote.internal.inet.InetAddresses] Adding IP addresses for network interface Realtek USB GbE Family Controller
2024-01-07T16:45:14.913+0800 [DEBUG] [org.gradle.internal.remote.internal.inet.InetAddresses] Is this a loopback interface? false
2024-01-07T16:45:14.913+0800 [DEBUG] [org.gradle.internal.remote.internal.inet.InetAddresses] Adding IP addresses for network interface WAN Miniport (PPTP)
2024-01-07T16:45:14.918+0800 [DEBUG] [org.gradle.internal.remote.internal.inet.InetAddresses] Is this a loopback interface? false
2024-01-07T16:45:14.919+0800 [DEBUG] [org.gradle.internal.remote.internal.inet.InetAddresses] Adding IP addresses for network interface Microsoft Teredo Tunneling Adapter
2024-01-07T16:45:14.925+0800 [DEBUG] [org.gradle.internal.remote.internal.inet.InetAddresses] Is this a loopback interface? false
2024-01-07T16:45:14.926+0800 [DEBUG] [org.gradle.internal.remote.internal.inet.InetAddresses] Adding IP addresses for network interface Intel(R) Wi-Fi 6 AX200 160MHz
2024-01-07T16:45:14.932+0800 [DEBUG] [org.gradle.internal.remote.internal.inet.InetAddresses] Is this a loopback interface? false
2024-01-07T16:45:14.932+0800 [DEBUG] [org.gradle.internal.remote.internal.inet.InetAddresses] Adding remote address /2001:448a:5142:5d67:361c:b2cb:3703:327a
2024-01-07T16:45:14.933+0800 [DEBUG] [org.gradle.internal.remote.internal.inet.InetAddresses] Adding remote address /2001:448a:5142:5d67:85ac:2abe:e64a:feec
2024-01-07T16:45:14.934+0800 [DEBUG] [org.gradle.internal.remote.internal.inet.InetAddresses] Adding remote address /fe80:0:0:0:30ae:fb31:8400:b2c9%wlan2
2024-01-07T16:45:14.934+0800 [DEBUG] [org.gradle.internal.remote.internal.inet.InetAddresses] Adding IP addresses for network interface WAN Miniport (IPv6)
2024-01-07T16:45:14.939+0800 [DEBUG] [org.gradle.internal.remote.internal.inet.InetAddresses] Is this a loopback interface? false
2024-01-07T16:45:14.940+0800 [DEBUG] [org.gradle.internal.remote.internal.inet.InetAddresses] Adding IP addresses for network interface WAN Miniport (PPPOE)
2024-01-07T16:45:14.944+0800 [DEBUG] [org.gradle.internal.remote.internal.inet.InetAddresses] Is this a loopback interface? false
2024-01-07T16:45:14.947+0800 [DEBUG] [org.gradle.internal.remote.internal.inet.InetAddresses] Adding IP addresses for network interface Microsoft Wi-Fi Direct Virtual Adapter #5
2024-01-07T16:45:14.950+0800 [DEBUG] [org.gradle.internal.remote.internal.inet.InetAddresses] Is this a loopback interface? false
2024-01-07T16:45:14.951+0800 [DEBUG] [org.gradle.internal.remote.internal.inet.InetAddresses] Adding IP addresses for network interface VirtualBox Host-Only Ethernet Adapter
2024-01-07T16:45:14.954+0800 [DEBUG] [org.gradle.internal.remote.internal.inet.InetAddresses] Is this a loopback interface? false
2024-01-07T16:45:14.954+0800 [DEBUG] [org.gradle.internal.remote.internal.inet.InetAddresses] Adding remote address /192.168.56.1
2024-01-07T16:45:14.955+0800 [DEBUG] [org.gradle.internal.remote.internal.inet.InetAddresses] Adding remote address /fe80:0:0:0:74a7:25c7:fdb0:e70e%eth6
2024-01-07T16:45:14.955+0800 [DEBUG] [org.gradle.internal.remote.internal.inet.InetAddresses] Adding IP addresses for network interface VirtualBox Host-Only Ethernet Adapter-WFP Native MAC Layer LightWeight Filter-0000
2024-01-07T16:45:14.965+0800 [DEBUG] [org.gradle.internal.remote.internal.inet.InetAddresses] Is this a loopback interface? false
2024-01-07T16:45:14.966+0800 [DEBUG] [org.gradle.internal.remote.internal.inet.InetAddresses] Adding IP addresses for network interface VirtualBox Host-Only Ethernet Adapter-QoS Packet Scheduler-0000
2024-01-07T16:45:14.969+0800 [DEBUG] [org.gradle.internal.remote.internal.inet.InetAddresses] Is this a loopback interface? false
2024-01-07T16:45:14.969+0800 [DEBUG] [org.gradle.internal.remote.internal.inet.InetAddresses] Adding IP addresses for network interface VirtualBox Host-Only Ethernet Adapter-WFP 802.3 MAC Layer LightWeight Filter-0000
2024-01-07T16:45:14.972+0800 [DEBUG] [org.gradle.internal.remote.internal.inet.InetAddresses] Is this a loopback interface? false
2024-01-07T16:45:14.973+0800 [DEBUG] [org.gradle.internal.remote.internal.inet.InetAddresses] Adding IP addresses for network interface Intel(R) Wi-Fi 6 AX200 160MHz-WFP Native MAC Layer LightWeight Filter-0000
2024-01-07T16:45:14.977+0800 [DEBUG] [org.gradle.internal.remote.internal.inet.InetAddresses] Is this a loopback interface? false
2024-01-07T16:45:14.977+0800 [DEBUG] [org.gradle.internal.remote.internal.inet.InetAddresses] Adding IP addresses for network interface Intel(R) Wi-Fi 6 AX200 160MHz-Virtual WiFi Filter Driver-0000
2024-01-07T16:45:14.989+0800 [DEBUG] [org.gradle.internal.remote.internal.inet.InetAddresses] Is this a loopback interface? false
2024-01-07T16:45:14.990+0800 [DEBUG] [org.gradle.internal.remote.internal.inet.InetAddresses] Adding IP addresses for network interface Intel(R) Wi-Fi 6 AX200 160MHz-Native WiFi Filter Driver-0000
2024-01-07T16:45:14.995+0800 [DEBUG] [org.gradle.internal.remote.internal.inet.InetAddresses] Is this a loopback interface? false
2024-01-07T16:45:14.995+0800 [DEBUG] [org.gradle.internal.remote.internal.inet.InetAddresses] Adding IP addresses for network interface Intel(R) Wi-Fi 6 AX200 160MHz-VirtualBox NDIS Light-Weight Filter-0000
2024-01-07T16:45:15.003+0800 [DEBUG] [org.gradle.internal.remote.internal.inet.InetAddresses] Is this a loopback interface? false
2024-01-07T16:45:15.004+0800 [DEBUG] [org.gradle.internal.remote.internal.inet.InetAddresses] Adding IP addresses for network interface Intel(R) Wi-Fi 6 AX200 160MHz-QoS Packet Scheduler-0000
2024-01-07T16:45:15.010+0800 [DEBUG] [org.gradle.internal.remote.internal.inet.InetAddresses] Is this a loopback interface? false
2024-01-07T16:45:15.010+0800 [DEBUG] [org.gradle.internal.remote.internal.inet.InetAddresses] Adding IP addresses for network interface Intel(R) Wi-Fi 6 AX200 160MHz-WFP 802.3 MAC Layer LightWeight Filter-0000
2024-01-07T16:45:15.015+0800 [DEBUG] [org.gradle.internal.remote.internal.inet.InetAddresses] Is this a loopback interface? false
2024-01-07T16:45:15.015+0800 [DEBUG] [org.gradle.internal.remote.internal.inet.InetAddresses] Adding IP addresses for network interface WAN Miniport (IP)-WFP Native MAC Layer LightWeight Filter-0000
2024-01-07T16:45:15.020+0800 [DEBUG] [org.gradle.internal.remote.internal.inet.InetAddresses] Is this a loopback interface? false
2024-01-07T16:45:15.020+0800 [DEBUG] [org.gradle.internal.remote.internal.inet.InetAddresses] Adding IP addresses for network interface WAN Miniport (IP)-QoS Packet Scheduler-0000
2024-01-07T16:45:15.024+0800 [DEBUG] [org.gradle.internal.remote.internal.inet.InetAddresses] Is this a loopback interface? false
2024-01-07T16:45:15.025+0800 [DEBUG] [org.gradle.internal.remote.internal.inet.InetAddresses] Adding IP addresses for network interface WAN Miniport (IPv6)-WFP Native MAC Layer LightWeight Filter-0000
2024-01-07T16:45:15.029+0800 [DEBUG] [org.gradle.internal.remote.internal.inet.InetAddresses] Is this a loopback interface? false
2024-01-07T16:45:15.030+0800 [DEBUG] [org.gradle.internal.remote.internal.inet.InetAddresses] Adding IP addresses for network interface WAN Miniport (IPv6)-QoS Packet Scheduler-0000
2024-01-07T16:45:15.034+0800 [DEBUG] [org.gradle.internal.remote.internal.inet.InetAddresses] Is this a loopback interface? false
2024-01-07T16:45:15.034+0800 [DEBUG] [org.gradle.internal.remote.internal.inet.InetAddresses] Adding IP addresses for network interface WAN Miniport (Network Monitor)-WFP Native MAC Layer LightWeight Filter-0000
2024-01-07T16:45:15.037+0800 [DEBUG] [org.gradle.internal.remote.internal.inet.InetAddresses] Is this a loopback interface? false
2024-01-07T16:45:15.038+0800 [DEBUG] [org.gradle.internal.remote.internal.inet.InetAddresses] Adding IP addresses for network interface WAN Miniport (Network Monitor)-QoS Packet Scheduler-0000
2024-01-07T16:45:15.041+0800 [DEBUG] [org.gradle.internal.remote.internal.inet.InetAddresses] Is this a loopback interface? false
2024-01-07T16:45:15.042+0800 [DEBUG] [org.gradle.internal.remote.internal.inet.InetAddresses] Adding IP addresses for network interface Microsoft Wi-Fi Direct Virtual Adapter-WFP Native MAC Layer LightWeight Filter-0000
2024-01-07T16:45:15.046+0800 [DEBUG] [org.gradle.internal.remote.internal.inet.InetAddresses] Is this a loopback interface? false
2024-01-07T16:45:15.047+0800 [DEBUG] [org.gradle.internal.remote.internal.inet.InetAddresses] Adding IP addresses for network interface Microsoft Wi-Fi Direct Virtual Adapter-Native WiFi Filter Driver-0000
2024-01-07T16:45:15.051+0800 [DEBUG] [org.gradle.internal.remote.internal.inet.InetAddresses] Is this a loopback interface? false
2024-01-07T16:45:15.052+0800 [DEBUG] [org.gradle.internal.remote.internal.inet.InetAddresses] Adding IP addresses for network interface Microsoft Wi-Fi Direct Virtual Adapter-VirtualBox NDIS Light-Weight Filter-0000
2024-01-07T16:45:15.055+0800 [DEBUG] [org.gradle.internal.remote.internal.inet.InetAddresses] Is this a loopback interface? false
2024-01-07T16:45:15.056+0800 [DEBUG] [org.gradle.internal.remote.internal.inet.InetAddresses] Adding IP addresses for network interface Microsoft Wi-Fi Direct Virtual Adapter-QoS Packet Scheduler-0000
2024-01-07T16:45:15.060+0800 [DEBUG] [org.gradle.internal.remote.internal.inet.InetAddresses] Is this a loopback interface? false
2024-01-07T16:45:15.061+0800 [DEBUG] [org.gradle.internal.remote.internal.inet.InetAddresses] Adding IP addresses for network interface Microsoft Wi-Fi Direct Virtual Adapter-WFP 802.3 MAC Layer LightWeight Filter-0000
2024-01-07T16:45:15.065+0800 [DEBUG] [org.gradle.internal.remote.internal.inet.InetAddresses] Is this a loopback interface? false
2024-01-07T16:45:15.066+0800 [DEBUG] [org.gradle.internal.remote.internal.inet.InetAddresses] Adding IP addresses for network interface Microsoft Wi-Fi Direct Virtual Adapter #2-WFP Native MAC Layer LightWeight Filter-0000
2024-01-07T16:45:15.071+0800 [DEBUG] [org.gradle.internal.remote.internal.inet.InetAddresses] Is this a loopback interface? false
2024-01-07T16:45:15.071+0800 [DEBUG] [org.gradle.internal.remote.internal.inet.InetAddresses] Adding IP addresses for network interface Microsoft Wi-Fi Direct Virtual Adapter #2-Native WiFi Filter Driver-0000
2024-01-07T16:45:15.074+0800 [DEBUG] [org.gradle.internal.remote.internal.inet.InetAddresses] Is this a loopback interface? false
2024-01-07T16:45:15.075+0800 [DEBUG] [org.gradle.internal.remote.internal.inet.InetAddresses] Adding IP addresses for network interface Microsoft Wi-Fi Direct Virtual Adapter #2-VirtualBox NDIS Light-Weight Filter-0000
2024-01-07T16:45:15.078+0800 [DEBUG] [org.gradle.internal.remote.internal.inet.InetAddresses] Is this a loopback interface? false
2024-01-07T16:45:15.078+0800 [DEBUG] [org.gradle.internal.remote.internal.inet.InetAddresses] Adding IP addresses for network interface Microsoft Wi-Fi Direct Virtual Adapter #2-QoS Packet Scheduler-0000
2024-01-07T16:45:15.082+0800 [DEBUG] [org.gradle.internal.remote.internal.inet.InetAddresses] Is this a loopback interface? false
2024-01-07T16:45:15.082+0800 [DEBUG] [org.gradle.internal.remote.internal.inet.InetAddresses] Adding IP addresses for network interface Microsoft Wi-Fi Direct Virtual Adapter #2-WFP 802.3 MAC Layer LightWeight Filter-0000
2024-01-07T16:45:15.087+0800 [DEBUG] [org.gradle.internal.remote.internal.inet.InetAddresses] Is this a loopback interface? false
2024-01-07T16:45:15.100+0800 [DEBUG] [org.gradle.internal.remote.internal.inet.TcpIncomingConnector] Listening on [16e34e09-7516-441e-aa16-9c561cce0bfa port:55407, addresses:[localhost/127.0.0.1]].
2024-01-07T16:45:15.113+0800 [DEBUG] [org.gradle.launcher.daemon.server.Daemon] Daemon starting at: Sun Jan 07 16:45:15 WITA 2024, with address: [16e34e09-7516-441e-aa16-9c561cce0bfa port:55407, addresses:[localhost/127.0.0.1]]
2024-01-07T16:45:15.113+0800 [INFO] [org.gradle.launcher.daemon.server.DaemonRegistryUpdater] Advertising the daemon address to the clients: [16e34e09-7516-441e-aa16-9c561cce0bfa port:55407, addresses:[localhost/127.0.0.1]]
2024-01-07T16:45:15.114+0800 [DEBUG] [org.gradle.launcher.daemon.server.DaemonRegistryUpdater] Advertised daemon context: DefaultDaemonContext[uid=79c6662e-7179-4ac9-9669-f8c28ac246ad,javaHome=C:\Program Files\JetBrains\IntelliJ IDEA 2022.3\jbr,daemonRegistryDir=C:\Users\Vio\IdeaProjects\badSpaceShooter\daemon,pid=30496,idleTimeout=10800000,priority=NORMAL,daemonOpts=--add-opens,java.base/java.util=ALL-UNNAMED,--add-opens,java.base/java.lang=ALL-UNNAMED,--add-opens,java.base/java.lang.invoke=ALL-UNNAMED,--add-opens,java.base/java.util=ALL-UNNAMED,--add-opens,java.prefs/java.util.prefs=ALL-UNNAMED,--add-opens,java.prefs/java.util.prefs=ALL-UNNAMED,--add-opens,java.base/java.nio.charset=ALL-UNNAMED,--add-opens,java.base/java.net=ALL-UNNAMED,--add-opens,java.base/java.util.concurrent.atomic=ALL-UNNAMED,-Xms128m,-Xmx1500m,-Dfile.encoding=windows-1252,-Duser.country=ID,-Duser.language=en,-Duser.variant]
2024-01-07T16:45:15.115+0800 [DEBUG] [org.gradle.launcher.daemon.registry.PersistentDaemonRegistry] Storing daemon address: [16e34e09-7516-441e-aa16-9c561cce0bfa port:55407, addresses:[localhost/127.0.0.1]], context: DefaultDaemonContext[uid=79c6662e-7179-4ac9-9669-f8c28ac246ad,javaHome=C:\Program Files\JetBrains\IntelliJ IDEA 2022.3\jbr,daemonRegistryDir=C:\Users\Vio\IdeaProjects\badSpaceShooter\daemon,pid=30496,idleTimeout=10800000,priority=NORMAL,daemonOpts=--add-opens,java.base/java.util=ALL-UNNAMED,--add-opens,java.base/java.lang=ALL-UNNAMED,--add-opens,java.base/java.lang.invoke=ALL-UNNAMED,--add-opens,java.base/java.util=ALL-UNNAMED,--add-opens,java.prefs/java.util.prefs=ALL-UNNAMED,--add-opens,java.prefs/java.util.prefs=ALL-UNNAMED,--add-opens,java.base/java.nio.charset=ALL-UNNAMED,--add-opens,java.base/java.net=ALL-UNNAMED,--add-opens,java.base/java.util.concurrent.atomic=ALL-UNNAMED,-Xms128m,-Xmx1500m,-Dfile.encoding=windows-1252,-Duser.country=ID,-Duser.language=en,-Duser.variant]
2024-01-07T16:45:15.142+0800 [DEBUG] [org.gradle.cache.internal.DefaultFileLockManager] Waiting to acquire exclusive lock on daemon addresses registry.
2024-01-07T16:45:15.153+0800 [DEBUG] [org.gradle.cache.internal.DefaultFileLockManager] Lock acquired on daemon addresses registry.
2024-01-07T16:45:15.167+0800 [DEBUG] [org.gradle.cache.internal.DefaultFileLockManager] Releasing lock on daemon addresses registry.
2024-01-07T16:45:15.168+0800 [LIFECYCLE] [org.gradle.launcher.daemon.server.Daemon] Daemon server started.
2024-01-07T16:45:15.170+0800 [DEBUG] [org.gradle.launcher.daemon.bootstrap.DaemonStartupCommunication] Completed writing the daemon greeting. Closing streams...
2024-01-07T16:45:15.179+0800 [DEBUG] [org.gradle.launcher.daemon.server.Daemon] stopOnExpiration() called on daemon
2024-01-07T16:45:15.180+0800 [DEBUG] [org.gradle.launcher.daemon.server.Daemon] awaitExpiration() called on daemon
2024-01-07T16:45:15.181+0800 [DEBUG] [org.gradle.launcher.daemon.server.DaemonStateCoordinator] daemon is running. Sleeping until state changes.
2024-01-07T16:45:15.202+0800 [DEBUG] [org.gradle.internal.remote.internal.inet.TcpIncomingConnector] Accepted connection from /127.0.0.1:55408 to /127.0.0.1:55407.
2024-01-07T16:45:15.323+0800 [DEBUG] [org.gradle.launcher.daemon.server.SynchronizedDispatchConnection] thread 30: received class org.gradle.launcher.daemon.protocol.Build
2024-01-07T16:45:15.324+0800 [DEBUG] [org.gradle.launcher.daemon.server.DefaultDaemonConnection] thread 30: Received non-IO message from client: Build{id=3d1d80e0-2f1b-409d-b84c-15e97b2ceece, currentDir=C:\Users\Vio\IdeaProjects\badSpaceShooter}
2024-01-07T16:45:15.324+0800 [INFO] [org.gradle.launcher.daemon.server.DefaultIncomingConnectionHandler] Received command: Build{id=3d1d80e0-2f1b-409d-b84c-15e97b2ceece, currentDir=C:\Users\Vio\IdeaProjects\badSpaceShooter}.
2024-01-07T16:45:15.325+0800 [DEBUG] [org.gradle.launcher.daemon.server.DefaultIncomingConnectionHandler] Starting executing command: Build{id=3d1d80e0-2f1b-409d-b84c-15e97b2ceece, currentDir=C:\Users\Vio\IdeaProjects\badSpaceShooter} with connection: socket connection from /127.0.0.1:55407 to /127.0.0.1:55408.
2024-01-07T16:45:15.329+0800 [DEBUG] [org.gradle.launcher.daemon.server.DaemonStateCoordinator] Command execution: started DaemonCommandExecution[command = Build{id=3d1d80e0-2f1b-409d-b84c-15e97b2ceece, currentDir=C:\Users\Vio\IdeaProjects\badSpaceShooter}, connection = DefaultDaemonConnection: socket connection from /127.0.0.1:55407 to /127.0.0.1:55408] after 0.0 minutes of idle
2024-01-07T16:45:15.329+0800 [INFO] [org.gradle.launcher.daemon.server.DaemonRegistryUpdater] Marking the daemon as busy, address: [16e34e09-7516-441e-aa16-9c561cce0bfa port:55407, addresses:[localhost/127.0.0.1]]
2024-01-07T16:45:15.329+0800 [DEBUG] [org.gradle.launcher.daemon.registry.PersistentDaemonRegistry] Marking busy by address: [16e34e09-7516-441e-aa16-9c561cce0bfa port:55407, addresses:[localhost/127.0.0.1]]
2024-01-07T16:45:15.332+0800 [DEBUG] [org.gradle.cache.internal.DefaultFileLockManager] Waiting to acquire exclusive lock on daemon addresses registry.
2024-01-07T16:45:15.333+0800 [DEBUG] [org.gradle.cache.internal.DefaultFileLockManager] Lock acquired on daemon addresses registry.
2024-01-07T16:45:15.336+0800 [DEBUG] [org.gradle.cache.internal.DefaultFileLockManager] Releasing lock on daemon addresses registry.
2024-01-07T16:45:15.337+0800 [DEBUG] [org.gradle.launcher.daemon.server.DaemonStateCoordinator] resetting idle timer
2024-01-07T16:45:15.338+0800 [DEBUG] [org.gradle.launcher.daemon.server.DaemonStateCoordinator] daemon is running. Sleeping until state changes.
2024-01-07T16:45:15.339+0800 [INFO] [org.gradle.launcher.daemon.server.exec.StartBuildOrRespondWithBusy] Daemon is about to start building Build{id=3d1d80e0-2f1b-409d-b84c-15e97b2ceece, currentDir=C:\Users\Vio\IdeaProjects\badSpaceShooter}. Dispatching build started information...
2024-01-07T16:45:15.340+0800 [DEBUG] [org.gradle.launcher.daemon.server.SynchronizedDispatchConnection] thread 32: dispatching org.gradle.launcher.daemon.protocol.BuildStarted@3b9f4f9e
2024-01-07T16:45:15.342+0800 [DEBUG] [org.gradle.launcher.daemon.server.exec.EstablishBuildEnvironment] Configuring env variables: [USERDOMAIN_ROAMINGPROFILE, PROCESSOR_LEVEL, SESSIONNAME, ALLUSERSPROFILE, INTEL_DEV_REDIST, PROCESSOR_ARCHITECTURE, MIC_LD_LIBRARY_PATH, PSModulePath, SystemDrive, ACSvcPort, USERNAME, ProgramFiles(x86), ACSetupSvcPort, FPS_BROWSER_USER_PROFILE_STRING, PATHEXT, DriverData, ProgramData, ProgramW6432, HOMEPATH, PROCESSOR_IDENTIFIER, ProgramFiles, PUBLIC, windir, =::, LOCALAPPDATA, IntelliJ IDEA, USERDOMAIN, LOGONSERVER, FPS_BROWSER_APP_PROFILE_STRING, DataGrip, RlsSvcPort, OneDrive, APPDATA, VBOX_HWVIRTEX_IGNORE_SVM_IN_USE, VBOX_MSI_INSTALL_PATH, CommonProgramFiles, Path, PyCharm, OS, COMPUTERNAME, AMDRMPATH, EnableLog, PROCESSOR_REVISION, CommonProgramW6432, ComSpec, TEMP, SystemRoot, HOMEDRIVE, USERPROFILE, TMP, CommonProgramFiles(x86), NUMBER_OF_PROCESSORS, IDEA_INITIAL_DIRECTORY]
2024-01-07T16:45:15.352+0800 [DEBUG] [org.gradle.launcher.daemon.server.exec.LogToClient] About to start relaying all logs to the client via the connection.
2024-01-07T16:45:15.352+0800 [INFO] [org.gradle.launcher.daemon.server.exec.LogToClient] The client will now receive all logging from the daemon (pid: 30496). The daemon log file: C:\Users\Vio\IdeaProjects\badSpaceShooter\daemon\7.3.2\daemon-30496.out.log
2024-01-07T16:45:15.356+0800 [INFO] [org.gradle.launcher.daemon.server.exec.LogAndCheckHealth] Starting build in new daemon [memory: 1.4 GiB]
2024-01-07T16:45:15.365+0800 [DEBUG] [org.gradle.launcher.daemon.server.exec.ExecuteBuild] The daemon has started executing the build.
2024-01-07T16:45:15.366+0800 [DEBUG] [org.gradle.launcher.daemon.server.exec.ExecuteBuild] Executing build with daemon context: DefaultDaemonContext[uid=79c6662e-7179-4ac9-9669-f8c28ac246ad,javaHome=C:\Program Files\JetBrains\IntelliJ IDEA 2022.3\jbr,daemonRegistryDir=C:\Users\Vio\IdeaProjects\badSpaceShooter\daemon,pid=30496,idleTimeout=10800000,priority=NORMAL,daemonOpts=--add-opens,java.base/java.util=ALL-UNNAMED,--add-opens,java.base/java.lang=ALL-UNNAMED,--add-opens,java.base/java.lang.invoke=ALL-UNNAMED,--add-opens,java.base/java.util=ALL-UNNAMED,--add-opens,java.prefs/java.util.prefs=ALL-UNNAMED,--add-opens,java.prefs/java.util.prefs=ALL-UNNAMED,--add-opens,java.base/java.nio.charset=ALL-UNNAMED,--add-opens,java.base/java.net=ALL-UNNAMED,--add-opens,java.base/java.util.concurrent.atomic=ALL-UNNAMED,-Xms128m,-Xmx1500m,-Dfile.encoding=windows-1252,-Duser.country=ID,-Duser.language=en,-Duser.variant]

Deprecated Gradle features were used in this build, making it incompatible with Gradle 8.0.

You can use '--warning-mode all' to show the individual deprecation warnings and determine if they come from your own scripts or plugins.

See https://docs.gradle.org/7.3.2/userguide/command_line_interface.html#sec:command_line_warnings

BUILD SUCCESSFUL in 14s
4 actionable tasks: 4 up-to-date
2024-01-07T16:45:25.328+0800 [DEBUG] [org.gradle.launcher.daemon.server.exec.ExecuteBuild] The daemon has finished executing the build.
2024-01-07T16:45:25.347+0800 [DEBUG] [org.gradle.launcher.daemon.server.DaemonStateCoordinator] daemon is running. Sleeping until state changes.
2024-01-07T16:45:25.347+0800 [DEBUG] [org.gradle.launcher.daemon.server.DaemonStateCoordinator] Command execution: finished waiting for DaemonCommandExecution[command = Build{id=3d1d80e0-2f1b-409d-b84c-15e97b2ceece, currentDir=C:\Users\Vio\IdeaProjects\badSpaceShooter}, connection = DefaultDaemonConnection: socket connection from /127.0.0.1:55407 to /127.0.0.1:55408]. Result org.gradle.launcher.daemon.server.DaemonStateCoordinator@a3dbbdf with state Busy
2024-01-07T16:45:25.347+0800 [DEBUG] [org.gradle.launcher.daemon.server.DaemonStateCoordinator] Command execution: completed DaemonCommandExecution[command = Build{id=3d1d80e0-2f1b-409d-b84c-15e97b2ceece, currentDir=C:\Users\Vio\IdeaProjects\badSpaceShooter}, connection = DefaultDaemonConnection: socket connection from /127.0.0.1:55407 to /127.0.0.1:55408]
2024-01-07T16:45:25.348+0800 [DEBUG] [org.gradle.launcher.daemon.server.DaemonStateCoordinator] resetting idle timer
2024-01-07T16:45:25.348+0800 [INFO] [org.gradle.launcher.daemon.server.DaemonRegistryUpdater] Marking the daemon as idle, address: [16e34e09-7516-441e-aa16-9c561cce0bfa port:55407, addresses:[localhost/127.0.0.1]]
2024-01-07T16:45:25.348+0800 [DEBUG] [org.gradle.launcher.daemon.registry.PersistentDaemonRegistry] Marking busy by address: [16e34e09-7516-441e-aa16-9c561cce0bfa port:55407, addresses:[localhost/127.0.0.1]]
2024-01-07T16:45:25.351+0800 [DEBUG] [org.gradle.cache.internal.DefaultFileLockManager] Waiting to acquire exclusive lock on daemon addresses registry.
2024-01-07T16:45:25.352+0800 [DEBUG] [org.gradle.cache.internal.DefaultFileLockManager] Lock acquired on daemon addresses registry.
2024-01-07T16:45:25.354+0800 [DEBUG] [org.gradle.cache.internal.DefaultFileLockManager] Releasing lock on daemon addresses registry.
2024-01-07T16:45:25.355+0800 [DEBUG] [org.gradle.launcher.daemon.server.DaemonStateCoordinator] daemon is running. Sleeping until state changes.
2024-01-07T16:45:25.355+0800 [DEBUG] [org.gradle.launcher.daemon.server.exec.ReturnResult] Daemon is dispatching the build result: Success[value=org.gradle.launcher.exec.BuildActionResult@4fd8b5b9]
2024-01-07T16:45:25.356+0800 [DEBUG] [org.gradle.launcher.daemon.server.SynchronizedDispatchConnection] thread 29: dispatching Success[value=org.gradle.launcher.exec.BuildActionResult@4fd8b5b9]
2024-01-07T16:45:25.356+0800 [DEBUG] [org.gradle.launcher.daemon.server.DefaultIncomingConnectionHandler] Finishing executing command: Build{id=3d1d80e0-2f1b-409d-b84c-15e97b2ceece, currentDir=C:\Users\Vio\IdeaProjects\badSpaceShooter}
2024-01-07T16:45:25.358+0800 [DEBUG] [org.gradle.launcher.daemon.server.SynchronizedDispatchConnection] thread 30: received class org.gradle.launcher.daemon.protocol.CloseInput
2024-01-07T16:45:25.358+0800 [DEBUG] [org.gradle.launcher.daemon.server.DefaultDaemonConnection] thread 30: Received IO message from client: org.gradle.launcher.daemon.protocol.CloseInput@5bc89857
2024-01-07T16:45:25.358+0800 [DEBUG] [org.gradle.launcher.daemon.server.SynchronizedDispatchConnection] thread 30: received class org.gradle.launcher.daemon.protocol.Finished
2024-01-07T16:45:25.359+0800 [DEBUG] [org.gradle.launcher.daemon.server.DefaultDaemonConnection] thread 30: Received non-IO message from client: org.gradle.launcher.daemon.protocol.Finished@23bc402f
2024-01-07T16:45:25.359+0800 [DEBUG] [org.gradle.launcher.daemon.server.DefaultIncomingConnectionHandler] Received finished message: org.gradle.launcher.daemon.protocol.Finished@23bc402f
2024-01-07T16:45:25.359+0800 [DEBUG] [org.gradle.launcher.daemon.server.SynchronizedDispatchConnection] thread 29: stopping connection
2024-01-07T16:45:25.359+0800 [DEBUG] [org.gradle.internal.remote.internal.inet.SocketConnection] Discarding EOFException: java.io.EOFException
2024-01-07T16:45:25.360+0800 [DEBUG] [org.gradle.launcher.daemon.server.SynchronizedDispatchConnection] thread 30: received null
2024-01-07T16:45:25.360+0800 [DEBUG] [org.gradle.launcher.daemon.server.DefaultDaemonConnection] thread 30: Received end-of-input from client.
2024-01-07T16:45:25.361+0800 [DEBUG] [org.gradle.launcher.daemon.server.SynchronizedDispatchConnection] thread 29: stopping connection
2024-01-07T16:45:35.188+0800 [DEBUG] [org.gradle.cache.internal.DefaultFileLockManager] Waiting to acquire shared lock on daemon addresses registry.
2024-01-07T16:45:35.189+0800 [DEBUG] [org.gradle.cache.internal.DefaultFileLockManager] Lock acquired on daemon addresses registry.
2024-01-07T16:45:35.190+0800 [DEBUG] [org.gradle.cache.internal.DefaultFileLockManager] Releasing lock on daemon addresses registry.
2024-01-07T16:45:35.193+0800 [DEBUG] [org.gradle.cache.internal.DefaultFileLockManager] Waiting to acquire shared lock on daemon addresses registry.
2024-01-07T16:45:35.193+0800 [DEBUG] [org.gradle.cache.internal.DefaultFileLockManager] Lock acquired on daemon addresses registry.
2024-01-07T16:45:35.194+0800 [DEBUG] [org.gradle.cache.internal.DefaultFileLockManager] Releasing lock on daemon addresses registry.
2024-01-07T16:45:45.200+0800 [DEBUG] [org.gradle.cache.internal.DefaultFileLockManager] Waiting to acquire shared lock on daemon addresses registry.
2024-01-07T16:45:45.200+0800 [DEBUG] [org.gradle.cache.internal.DefaultFileLockManager] Lock acquired on daemon addresses registry.
2024-01-07T16:45:45.201+0800 [DEBUG] [org.gradle.cache.internal.DefaultFileLockManager] Releasing lock on daemon addresses registry.
2024-01-07T16:45:45.206+0800 [DEBUG] [org.gradle.cache.internal.DefaultFileLockManager] Waiting to acquire shared lock on daemon addresses registry.
2024-01-07T16:45:45.206+0800 [DEBUG] [org.gradle.cache.internal.DefaultFileLockManager] Lock acquired on daemon addresses registry.
2024-01-07T16:45:45.215+0800 [DEBUG] [org.gradle.cache.internal.DefaultFileLockManager] Releasing lock on daemon addresses registry.
2024-01-07T16:45:45.218+0800 [DEBUG] [org.gradle.cache.internal.DefaultFileLockManager] Waiting to acquire shared lock on daemon addresses registry.
2024-01-07T16:45:45.219+0800 [DEBUG] [org.gradle.cache.internal.DefaultFileLockManager] Lock acquired on daemon addresses registry.
2024-01-07T16:45:45.220+0800 [DEBUG] [org.gradle.cache.internal.DefaultFileLockManager] Releasing lock on daemon addresses registry.
2024-01-07T16:45:55.187+0800 [DEBUG] [org.gradle.cache.internal.DefaultFileLockManager] Waiting to acquire shared lock on daemon addresses registry.
2024-01-07T16:45:55.187+0800 [DEBUG] [org.gradle.cache.internal.DefaultFileLockManager] Lock acquired on daemon addresses registry.
2024-01-07T16:45:55.188+0800 [DEBUG] [org.gradle.cache.internal.DefaultFileLockManager] Releasing lock on daemon addresses registry.
2024-01-07T16:45:55.191+0800 [DEBUG] [org.gradle.cache.internal.DefaultFileLockManager] Waiting to acquire shared lock on daemon addresses registry.
2024-01-07T16:45:55.191+0800 [DEBUG] [org.gradle.cache.internal.DefaultFileLockManager] Lock acquired on daemon addresses registry.
2024-01-07T16:45:55.192+0800 [DEBUG] [org.gradle.cache.internal.DefaultFileLockManager] Releasing lock on daemon addresses registry.
2024-01-07T16:45:55.194+0800 [DEBUG] [org.gradle.cache.internal.DefaultFileLockManager] Waiting to acquire shared lock on daemon addresses registry.
2024-01-07T16:45:55.194+0800 [DEBUG] [org.gradle.cache.internal.DefaultFileLockManager] Lock acquired on daemon addresses registry.
2024-01-07T16:45:55.195+0800 [DEBUG] [org.gradle.cache.internal.DefaultFileLockManager] Releasing lock on daemon addresses registry.
2024-01-07T16:46:05.189+0800 [DEBUG] [org.gradle.cache.internal.DefaultFileLockManager] Waiting to acquire shared lock on daemon addresses registry.
2024-01-07T16:46:05.190+0800 [DEBUG] [org.gradle.cache.internal.DefaultFileLockManager] Lock acquired on daemon addresses registry.
2024-01-07T16:46:05.191+0800 [DEBUG] [org.gradle.cache.internal.DefaultFileLockManager] Releasing lock on daemon addresses registry.
2024-01-07T16:46:05.194+0800 [DEBUG] [org.gradle.cache.internal.DefaultFileLockManager] Waiting to acquire shared lock on daemon addresses registry.
2024-01-07T16:46:05.194+0800 [DEBUG] [org.gradle.cache.internal.DefaultFileLockManager] Lock acquired on daemon addresses registry.
2024-01-07T16:46:05.195+0800 [DEBUG] [org.gradle.cache.internal.DefaultFileLockManager] Releasing lock on daemon addresses registry.
2024-01-07T16:46:05.198+0800 [DEBUG] [org.gradle.cache.internal.DefaultFileLockManager] Waiting to acquire shared lock on daemon addresses registry.
2024-01-07T16:46:05.198+0800 [DEBUG] [org.gradle.cache.internal.DefaultFileLockManager] Lock acquired on daemon addresses registry.
2024-01-07T16:46:05.199+0800 [DEBUG] [org.gradle.cache.internal.DefaultFileLockManager] Releasing lock on daemon addresses registry.
2024-01-07T16:46:15.192+0800 [DEBUG] [org.gradle.cache.internal.DefaultFileLockManager] Waiting to acquire shared lock on daemon addresses registry.
2024-01-07T16:46:15.192+0800 [DEBUG] [org.gradle.cache.internal.DefaultFileLockManager] Lock acquired on daemon addresses registry.
2024-01-07T16:46:15.193+0800 [DEBUG] [org.gradle.cache.internal.DefaultFileLockManager] Releasing lock on daemon addresses registry.
2024-01-07T16:46:15.195+0800 [DEBUG] [org.gradle.cache.internal.DefaultFileLockManager] Waiting to acquire shared lock on daemon addresses registry.
2024-01-07T16:46:15.196+0800 [DEBUG] [org.gradle.cache.internal.DefaultFileLockManager] Lock acquired on daemon addresses registry.
2024-01-07T16:46:15.197+0800 [DEBUG] [org.gradle.cache.internal.DefaultFileLockManager] Releasing lock on daemon addresses registry.
2024-01-07T16:46:15.198+0800 [DEBUG] [org.gradle.cache.internal.DefaultFileLockManager] Waiting to acquire shared lock on daemon addresses registry.
2024-01-07T16:46:15.199+0800 [DEBUG] [org.gradle.cache.internal.DefaultFileLockManager] Lock acquired on daemon addresses registry.
2024-01-07T16:46:15.200+0800 [DEBUG] [org.gradle.cache.internal.DefaultFileLockManager] Releasing lock on daemon addresses registry.
2024-01-07T16:46:25.198+0800 [DEBUG] [org.gradle.cache.internal.DefaultFileLockManager] Waiting to acquire shared lock on daemon addresses registry.
2024-01-07T16:46:25.198+0800 [DEBUG] [org.gradle.cache.internal.DefaultFileLockManager] Lock acquired on daemon addresses registry.
2024-01-07T16:46:25.199+0800 [DEBUG] [org.gradle.cache.internal.DefaultFileLockManager] Releasing lock on daemon addresses registry.
2024-01-07T16:46:25.202+0800 [DEBUG] [org.gradle.cache.internal.DefaultFileLockManager] Waiting to acquire shared lock on daemon addresses registry.
2024-01-07T16:46:25.203+0800 [DEBUG] [org.gradle.cache.internal.DefaultFileLockManager] Lock acquired on daemon addresses registry.
2024-01-07T16:46:25.204+0800 [DEBUG] [org.gradle.cache.internal.DefaultFileLockManager] Releasing lock on daemon addresses registry.
2024-01-07T16:46:25.207+0800 [DEBUG] [org.gradle.cache.internal.DefaultFileLockManager] Waiting to acquire shared lock on daemon addresses registry.
2024-01-07T16:46:25.208+0800 [DEBUG] [org.gradle.cache.internal.DefaultFileLockManager] Lock acquired on daemon addresses registry.
2024-01-07T16:46:25.209+0800 [DEBUG] [org.gradle.cache.internal.DefaultFileLockManager] Releasing lock on daemon addresses registry.
2024-01-07T16:46:35.199+0800 [DEBUG] [org.gradle.cache.internal.DefaultFileLockManager] Waiting to acquire shared lock on daemon addresses registry.
2024-01-07T16:46:35.199+0800 [DEBUG] [org.gradle.cache.internal.DefaultFileLockManager] Lock acquired on daemon addresses registry.
2024-01-07T16:46:35.200+0800 [DEBUG] [org.gradle.cache.internal.DefaultFileLockManager] Releasing lock on daemon addresses registry.
2024-01-07T16:46:35.202+0800 [DEBUG] [org.gradle.cache.internal.DefaultFileLockManager] Waiting to acquire shared lock on daemon addresses registry.
2024-01-07T16:46:35.202+0800 [DEBUG] [org.gradle.cache.internal.DefaultFileLockManager] Lock acquired on daemon addresses registry.
2024-01-07T16:46:35.203+0800 [DEBUG] [org.gradle.cache.internal.DefaultFileLockManager] Releasing lock on daemon addresses registry.
2024-01-07T16:46:35.205+0800 [DEBUG] [org.gradle.cache.internal.DefaultFileLockManager] Waiting to acquire shared lock on daemon addresses registry.
2024-01-07T16:46:35.205+0800 [DEBUG] [org.gradle.cache.internal.DefaultFileLockManager] Lock acquired on daemon addresses registry.
2024-01-07T16:46:35.206+0800 [DEBUG] [org.gradle.cache.internal.DefaultFileLockManager] Releasing lock on daemon addresses registry.
2024-01-07T16:46:45.186+0800 [DEBUG] [org.gradle.cache.internal.DefaultFileLockManager] Waiting to acquire shared lock on daemon addresses registry.
2024-01-07T16:46:45.186+0800 [DEBUG] [org.gradle.cache.internal.DefaultFileLockManager] Lock acquired on daemon addresses registry.
2024-01-07T16:46:45.187+0800 [DEBUG] [org.gradle.cache.internal.DefaultFileLockManager] Releasing lock on daemon addresses registry.
2024-01-07T16:46:45.189+0800 [DEBUG] [org.gradle.cache.internal.DefaultFileLockManager] Waiting to acquire shared lock on daemon addresses registry.
2024-01-07T16:46:45.189+0800 [DEBUG] [org.gradle.cache.internal.DefaultFileLockManager] Lock acquired on daemon addresses registry.
2024-01-07T16:46:45.190+0800 [DEBUG] [org.gradle.cache.internal.DefaultFileLockManager] Releasing lock on daemon addresses registry.
2024-01-07T16:46:45.192+0800 [DEBUG] [org.gradle.cache.internal.DefaultFileLockManager] Waiting to acquire shared lock on daemon addresses registry.
2024-01-07T16:46:45.193+0800 [DEBUG] [org.gradle.cache.internal.DefaultFileLockManager] Lock acquired on daemon addresses registry.
2024-01-07T16:46:45.193+0800 [DEBUG] [org.gradle.cache.internal.DefaultFileLockManager] Releasing lock on daemon addresses registry.
2024-01-07T16:46:55.186+0800 [DEBUG] [org.gradle.cache.internal.DefaultFileLockManager] Waiting to acquire shared lock on daemon addresses registry.
2024-01-07T16:46:55.186+0800 [DEBUG] [org.gradle.cache.internal.DefaultFileLockManager] Lock acquired on daemon addresses registry.
2024-01-07T16:46:55.187+0800 [DEBUG] [org.gradle.cache.internal.DefaultFileLockManager] Releasing lock on daemon addresses registry.
2024-01-07T16:46:55.189+0800 [DEBUG] [org.gradle.cache.internal.DefaultFileLockManager] Waiting to acquire shared lock on daemon addresses registry.
2024-01-07T16:46:55.189+0800 [DEBUG] [org.gradle.cache.internal.DefaultFileLockManager] Lock acquired on daemon addresses registry.
2024-01-07T16:46:55.190+0800 [DEBUG] [org.gradle.cache.internal.DefaultFileLockManager] Releasing lock on daemon addresses registry.
2024-01-07T16:46:55.192+0800 [DEBUG] [org.gradle.cache.internal.DefaultFileLockManager] Waiting to acquire shared lock on daemon addresses registry.
2024-01-07T16:46:55.192+0800 [DEBUG] [org.gradle.cache.internal.DefaultFileLockManager] Lock acquired on daemon addresses registry.
2024-01-07T16:46:55.193+0800 [DEBUG] [org.gradle.cache.internal.DefaultFileLockManager] Releasing lock on daemon addresses registry.
2024-01-07T16:47:05.193+0800 [DEBUG] [org.gradle.cache.internal.DefaultFileLockManager] Waiting to acquire shared lock on daemon addresses registry.
2024-01-07T16:47:05.193+0800 [DEBUG] [org.gradle.cache.internal.DefaultFileLockManager] Lock acquired on daemon addresses registry.
2024-01-07T16:47:05.194+0800 [DEBUG] [org.gradle.cache.internal.DefaultFileLockManager] Releasing lock on daemon addresses registry.
2024-01-07T16:47:05.195+0800 [DEBUG] [org.gradle.cache.internal.DefaultFileLockManager] Waiting to acquire shared lock on daemon addresses registry.
2024-01-07T16:47:05.195+0800 [DEBUG] [org.gradle.cache.internal.DefaultFileLockManager] Lock acquired on daemon addresses registry.
2024-01-07T16:47:05.196+0800 [DEBUG] [org.gradle.cache.internal.DefaultFileLockManager] Releasing lock on daemon addresses registry.
2024-01-07T16:47:05.197+0800 [DEBUG] [org.gradle.cache.internal.DefaultFileLockManager] Waiting to acquire shared lock on daemon addresses registry.
2024-01-07T16:47:05.197+0800 [DEBUG] [org.gradle.cache.internal.DefaultFileLockManager] Lock acquired on daemon addresses registry.
2024-01-07T16:47:05.197+0800 [DEBUG] [org.gradle.cache.internal.DefaultFileLockManager] Releasing lock on daemon addresses registry.
2024-01-07T16:47:15.185+0800 [DEBUG] [org.gradle.cache.internal.DefaultFileLockManager] Waiting to acquire shared lock on daemon addresses registry.
2024-01-07T16:47:15.186+0800 [DEBUG] [org.gradle.cache.internal.DefaultFileLockManager] Lock acquired on daemon addresses registry.
2024-01-07T16:47:15.187+0800 [DEBUG] [org.gradle.cache.internal.DefaultFileLockManager] Releasing lock on daemon addresses registry.
2024-01-07T16:47:15.190+0800 [DEBUG] [org.gradle.cache.internal.DefaultFileLockManager] Waiting to acquire shared lock on daemon addresses registry.
2024-01-07T16:47:15.190+0800 [DEBUG] [org.gradle.cache.internal.DefaultFileLockManager] Lock acquired on daemon addresses registry.
2024-01-07T16:47:15.192+0800 [DEBUG] [org.gradle.cache.internal.DefaultFileLockManager] Releasing lock on daemon addresses registry.
2024-01-07T16:47:15.195+0800 [DEBUG] [org.gradle.cache.internal.DefaultFileLockManager] Waiting to acquire shared lock on daemon addresses registry.
2024-01-07T16:47:15.196+0800 [DEBUG] [org.gradle.cache.internal.DefaultFileLockManager] Lock acquired on daemon addresses registry.
2024-01-07T16:47:15.197+0800 [DEBUG] [org.gradle.cache.internal.DefaultFileLockManager] Releasing lock on daemon addresses registry.
2024-01-07T16:47:25.194+0800 [DEBUG] [org.gradle.cache.internal.DefaultFileLockManager] Waiting to acquire shared lock on daemon addresses registry.
2024-01-07T16:47:25.195+0800 [DEBUG] [org.gradle.cache.internal.DefaultFileLockManager] Lock acquired on daemon addresses registry.
2024-01-07T16:47:25.196+0800 [DEBUG] [org.gradle.cache.internal.DefaultFileLockManager] Releasing lock on daemon addresses registry.
2024-01-07T16:47:25.198+0800 [DEBUG] [org.gradle.cache.internal.DefaultFileLockManager] Waiting to acquire shared lock on daemon addresses registry.
2024-01-07T16:47:25.198+0800 [DEBUG] [org.gradle.cache.internal.DefaultFileLockManager] Lock acquired on daemon addresses registry.
2024-01-07T16:47:25.199+0800 [DEBUG] [org.gradle.cache.internal.DefaultFileLockManager] Releasing lock on daemon addresses registry.
2024-01-07T16:47:25.201+0800 [DEBUG] [org.gradle.cache.internal.DefaultFileLockManager] Waiting to acquire shared lock on daemon addresses registry.
2024-01-07T16:47:25.201+0800 [DEBUG] [org.gradle.cache.internal.DefaultFileLockManager] Lock acquired on daemon addresses registry.
2024-01-07T16:47:25.202+0800 [DEBUG] [org.gradle.cache.internal.DefaultFileLockManager] Releasing lock on daemon addresses registry.
2024-01-07T16:47:35.192+0800 [DEBUG] [org.gradle.cache.internal.DefaultFileLockManager] Waiting to acquire shared lock on daemon addresses registry.
2024-01-07T16:47:35.193+0800 [DEBUG] [org.gradle.cache.internal.DefaultFileLockManager] Lock acquired on daemon addresses registry.
2024-01-07T16:47:35.193+0800 [DEBUG] [org.gradle.cache.internal.DefaultFileLockManager] Releasing lock on daemon addresses registry.
2024-01-07T16:47:35.196+0800 [DEBUG] [org.gradle.cache.internal.DefaultFileLockManager] Waiting to acquire shared lock on daemon addresses registry.
2024-01-07T16:47:35.196+0800 [DEBUG] [org.gradle.cache.internal.DefaultFileLockManager] Lock acquired on daemon addresses registry.
2024-01-07T16:47:35.199+0800 [DEBUG] [org.gradle.cache.internal.DefaultFileLockManager] Releasing lock on daemon addresses registry.
2024-01-07T16:47:35.201+0800 [DEBUG] [org.gradle.cache.internal.DefaultFileLockManager] Waiting to acquire shared lock on daemon addresses registry.
2024-01-07T16:47:35.202+0800 [DEBUG] [org.gradle.cache.internal.DefaultFileLockManager] Lock acquired on daemon addresses registry.
2024-01-07T16:47:35.203+0800 [DEBUG] [org.gradle.cache.internal.DefaultFileLockManager] Releasing lock on daemon addresses registry.
2024-01-07T16:47:43.580+0800 [DEBUG] [org.gradle.internal.remote.internal.inet.TcpIncomingConnector] Accepted connection from /127.0.0.1:55417 to /127.0.0.1:55407.
2024-01-07T16:47:43.588+0800 [DEBUG] [org.gradle.launcher.daemon.server.SynchronizedDispatchConnection] thread 124: received class org.gradle.launcher.daemon.protocol.Build
2024-01-07T16:47:43.588+0800 [DEBUG] [org.gradle.launcher.daemon.server.DefaultDaemonConnection] thread 124: Received non-IO message from client: Build{id=90484984-ed66-4e63-8b6a-2e5b3929f829, currentDir=C:\Users\Vio\IdeaProjects\badSpaceShooter\desktop}
2024-01-07T16:47:43.588+0800 [INFO] [org.gradle.launcher.daemon.server.DefaultIncomingConnectionHandler] Received command: Build{id=90484984-ed66-4e63-8b6a-2e5b3929f829, currentDir=C:\Users\Vio\IdeaProjects\badSpaceShooter\desktop}.
2024-01-07T16:47:43.589+0800 [DEBUG] [org.gradle.launcher.daemon.server.DefaultIncomingConnectionHandler] Starting executing command: Build{id=90484984-ed66-4e63-8b6a-2e5b3929f829, currentDir=C:\Users\Vio\IdeaProjects\badSpaceShooter\desktop} with connection: socket connection from /127.0.0.1:55407 to /127.0.0.1:55417.
2024-01-07T16:47:43.589+0800 [DEBUG] [org.gradle.launcher.daemon.server.DaemonStateCoordinator] Command execution: started DaemonCommandExecution[command = Build{id=90484984-ed66-4e63-8b6a-2e5b3929f829, currentDir=C:\Users\Vio\IdeaProjects\badSpaceShooter\desktop}, connection = DefaultDaemonConnection: socket connection from /127.0.0.1:55407 to /127.0.0.1:55417] after 2.0 minutes of idle
2024-01-07T16:47:43.589+0800 [INFO] [org.gradle.launcher.daemon.server.DaemonRegistryUpdater] Marking the daemon as busy, address: [16e34e09-7516-441e-aa16-9c561cce0bfa port:55407, addresses:[localhost/127.0.0.1]]
2024-01-07T16:47:43.590+0800 [DEBUG] [org.gradle.launcher.daemon.registry.PersistentDaemonRegistry] Marking busy by address: [16e34e09-7516-441e-aa16-9c561cce0bfa port:55407, addresses:[localhost/127.0.0.1]]
2024-01-07T16:47:43.592+0800 [DEBUG] [org.gradle.cache.internal.DefaultFileLockManager] Waiting to acquire exclusive lock on daemon addresses registry.
2024-01-07T16:47:43.592+0800 [DEBUG] [org.gradle.cache.internal.DefaultFileLockManager] Lock acquired on daemon addresses registry.
2024-01-07T16:47:43.595+0800 [DEBUG] [org.gradle.cache.internal.DefaultFileLockManager] Releasing lock on daemon addresses registry.
2024-01-07T16:47:43.596+0800 [DEBUG] [org.gradle.launcher.daemon.server.DaemonStateCoordinator] resetting idle timer
2024-01-07T16:47:43.596+0800 [DEBUG] [org.gradle.launcher.daemon.server.DaemonStateCoordinator] daemon is running. Sleeping until state changes.
2024-01-07T16:47:43.597+0800 [INFO] [org.gradle.launcher.daemon.server.exec.StartBuildOrRespondWithBusy] Daemon is about to start building Build{id=90484984-ed66-4e63-8b6a-2e5b3929f829, currentDir=C:\Users\Vio\IdeaProjects\badSpaceShooter\desktop}. Dispatching build started information...
2024-01-07T16:47:43.597+0800 [DEBUG] [org.gradle.launcher.daemon.server.SynchronizedDispatchConnection] thread 126: dispatching org.gradle.launcher.daemon.protocol.BuildStarted@49c2b056
2024-01-07T16:47:43.599+0800 [DEBUG] [org.gradle.launcher.daemon.server.exec.EstablishBuildEnvironment] Configuring env variables: [USERDOMAIN_ROAMINGPROFILE, PROCESSOR_LEVEL, SESSIONNAME, ALLUSERSPROFILE, INTEL_DEV_REDIST, PROCESSOR_ARCHITECTURE, MIC_LD_LIBRARY_PATH, PSModulePath, SystemDrive, ACSvcPort, USERNAME, ProgramFiles(x86), ACSetupSvcPort, FPS_BROWSER_USER_PROFILE_STRING, PATHEXT, DriverData, ProgramData, ProgramW6432, HOMEPATH, PROCESSOR_IDENTIFIER, ProgramFiles, PUBLIC, windir, =::, LOCALAPPDATA, IntelliJ IDEA, USERDOMAIN, LOGONSERVER, FPS_BROWSER_APP_PROFILE_STRING, DataGrip, RlsSvcPort, OneDrive, APPDATA, VBOX_HWVIRTEX_IGNORE_SVM_IN_USE, VBOX_MSI_INSTALL_PATH, CommonProgramFiles, Path, PyCharm, OS, COMPUTERNAME, AMDRMPATH, EnableLog, PROCESSOR_REVISION, CommonProgramW6432, ComSpec, TEMP, SystemRoot, HOMEDRIVE, USERPROFILE, TMP, CommonProgramFiles(x86), NUMBER_OF_PROCESSORS, IDEA_INITIAL_DIRECTORY]
2024-01-07T16:47:43.602+0800 [DEBUG] [org.gradle.launcher.daemon.server.exec.LogToClient] About to start relaying all logs to the client via the connection.
2024-01-07T16:47:43.602+0800 [INFO] [org.gradle.launcher.daemon.server.exec.LogToClient] The client will now receive all logging from the daemon (pid: 30496). The daemon log file: C:\Users\Vio\IdeaProjects\badSpaceShooter\daemon\7.3.2\daemon-30496.out.log
2024-01-07T16:47:43.603+0800 [INFO] [org.gradle.launcher.daemon.server.exec.LogAndCheckHealth] Starting 2nd build in daemon [uptime: 2 mins 29.12 secs, performance: 100%]
2024-01-07T16:47:43.603+0800 [DEBUG] [org.gradle.launcher.daemon.server.exec.ExecuteBuild] The daemon has started executing the build.
2024-01-07T16:47:43.604+0800 [DEBUG] [org.gradle.launcher.daemon.server.exec.ExecuteBuild] Executing build with daemon context: DefaultDaemonContext[uid=79c6662e-7179-4ac9-9669-f8c28ac246ad,javaHome=C:\Program Files\JetBrains\IntelliJ IDEA 2022.3\jbr,daemonRegistryDir=C:\Users\Vio\IdeaProjects\badSpaceShooter\daemon,pid=30496,idleTimeout=10800000,priority=NORMAL,daemonOpts=--add-opens,java.base/java.util=ALL-UNNAMED,--add-opens,java.base/java.lang=ALL-UNNAMED,--add-opens,java.base/java.lang.invoke=ALL-UNNAMED,--add-opens,java.base/java.util=ALL-UNNAMED,--add-opens,java.prefs/java.util.prefs=ALL-UNNAMED,--add-opens,java.prefs/java.util.prefs=ALL-UNNAMED,--add-opens,java.base/java.nio.charset=ALL-UNNAMED,--add-opens,java.base/java.net=ALL-UNNAMED,--add-opens,java.base/java.util.concurrent.atomic=ALL-UNNAMED,-Xms128m,-Xmx1500m,-Dfile.encoding=windows-1252,-Duser.country=ID,-Duser.language=en,-Duser.variant]

FAILURE: Build failed with an exception.

* What went wrong:
Execution failed for task ':desktop:DesktopLauncher.main()'.
> Build cancelled while executing task ':desktop:DesktopLauncher.main()'

* Try:
> Run with --stacktrace option to get the stack trace.
> Run with --info or --debug option to get more log output.
> Run with --scan to get full insights.

* Get more help at https://help.gradle.org

Deprecated Gradle features were used in this build, making it incompatible with Gradle 8.0.

You can use '--warning-mode all' to show the individual deprecation warnings and determine if they come from your own scripts or plugins.

See https://docs.gradle.org/7.3.2/userguide/command_line_interface.html#sec:command_line_warnings

BUILD FAILED in 4m 12s
5 actionable tasks: 1 executed, 4 up-to-date
Daemon will be stopped at the end of the build stop command received
2024-01-07T16:51:55.712+0800 [DEBUG] [org.gradle.launcher.daemon.server.exec.ExecuteBuild] The daemon has finished executing the build.
2024-01-07T16:51:56.288+0800 [DEBUG] [org.gradle.process.internal.DefaultExecHandle] Changing state to: ABORTED
2024-01-07T16:51:56.289+0800 [DEBUG] [org.gradle.process.internal.DefaultExecHandle] Process 'command 'C:/Program Files/JetBrains/IntelliJ IDEA 2022.3/jbr/bin/java.exe'' finished with exit value 1 (state: ABORTED)
2024-01-07T16:51:56.289+0800 [DEBUG] [org.gradle.launcher.daemon.server.DaemonStateCoordinator] Cancel: daemon is busy, sleeping until state changes.
2024-01-07T16:51:56.290+0800 [DEBUG] [org.gradle.launcher.daemon.server.DaemonStateCoordinator] Marking daemon stopped due to stop command received. The daemon is running a build: false
2024-01-07T16:51:56.290+0800 [DEBUG] [org.gradle.launcher.daemon.server.SynchronizedDispatchConnection] thread 207: dispatching Success[value=null]
2024-01-07T16:51:56.290+0800 [DEBUG] [org.gradle.launcher.daemon.server.DaemonRegistryUpdater] Storing daemon stop event: stop command received
2024-01-07T16:51:56.290+0800 [DEBUG] [org.gradle.launcher.daemon.server.DaemonStateCoordinator] Cancel: daemon has stopped.
2024-01-07T16:51:56.291+0800 [DEBUG] [org.gradle.launcher.daemon.server.SynchronizedDispatchConnection] thread 208: received class org.gradle.launcher.daemon.protocol.Finished
2024-01-07T16:51:56.291+0800 [DEBUG] [org.gradle.launcher.daemon.server.DaemonStateCoordinator] daemon has stopped.
2024-01-07T16:51:56.290+0800 [DEBUG] [org.gradle.launcher.daemon.server.DefaultIncomingConnectionHandler] Finishing executing command: StopWhenIdle[id=8e7fafbf-9510-4304-a1cb-031b7247d038]
2024-01-07T16:51:56.291+0800 [DEBUG] [org.gradle.launcher.daemon.registry.PersistentDaemonRegistry] Storing daemon stop event with timestamp 1704617516291
2024-01-07T16:51:56.291+0800 [DEBUG] [org.gradle.launcher.daemon.server.DaemonStateCoordinator] Command execution: finished waiting for DaemonCommandExecution[command = Build{id=90484984-ed66-4e63-8b6a-2e5b3929f829, currentDir=C:\Users\Vio\IdeaProjects\badSpaceShooter\desktop}, connection = DefaultDaemonConnection: socket connection from /127.0.0.1:55407 to /127.0.0.1:55417]. Result org.gradle.launcher.daemon.server.DaemonStateCoordinator@a3dbbdf with state Stopped
2024-01-07T16:51:56.291+0800 [DEBUG] [org.gradle.launcher.daemon.server.Daemon] stop() called on daemon
2024-01-07T16:51:56.291+0800 [DEBUG] [org.gradle.launcher.daemon.server.DefaultDaemonConnection] thread 208: Received non-IO message from client: org.gradle.launcher.daemon.protocol.Finished@663349f2
2024-01-07T16:51:56.292+0800 [INFO] [org.gradle.launcher.daemon.server.Daemon] Stop requested. Daemon is removing its presence from the registry...
2024-01-07T16:51:56.293+0800 [DEBUG] [org.gradle.internal.remote.internal.inet.SocketConnection] Discarding EOFException: java.io.EOFException
2024-01-07T16:51:56.293+0800 [DEBUG] [org.gradle.launcher.daemon.server.SynchronizedDispatchConnection] thread 208: received null
2024-01-07T16:51:56.293+0800 [DEBUG] [org.gradle.launcher.daemon.server.DefaultDaemonConnection] thread 208: Received end-of-input from client.
2024-01-07T16:51:56.292+0800 [DEBUG] [org.gradle.launcher.daemon.server.DaemonStateCoordinator] Command execution: completed DaemonCommandExecution[command = Build{id=90484984-ed66-4e63-8b6a-2e5b3929f829, currentDir=C:\Users\Vio\IdeaProjects\badSpaceShooter\desktop}, connection = DefaultDaemonConnection: socket connection from /127.0.0.1:55407 to /127.0.0.1:55417]
2024-01-07T16:51:56.294+0800 [DEBUG] [org.gradle.launcher.daemon.server.DaemonStateCoordinator] resetting idle timer
2024-01-07T16:51:56.293+0800 [DEBUG] [org.gradle.launcher.daemon.server.DefaultIncomingConnectionHandler] Received finished message: org.gradle.launcher.daemon.protocol.Finished@663349f2
2024-01-07T16:51:56.294+0800 [DEBUG] [org.gradle.launcher.daemon.server.DaemonRegistryUpdater] Removing our presence to clients, eg. removing this address from the registry: [16e34e09-7516-441e-aa16-9c561cce0bfa port:55407, addresses:[localhost/127.0.0.1]]
2024-01-07T16:51:56.294+0800 [DEBUG] [org.gradle.launcher.daemon.server.exec.ReturnResult] Daemon is dispatching the build result: Success[value=org.gradle.launcher.exec.BuildActionResult@3dc0d171]
2024-01-07T16:51:56.295+0800 [DEBUG] [org.gradle.cache.internal.DefaultFileLockManager] Waiting to acquire exclusive lock on daemon addresses registry.
2024-01-07T16:51:56.294+0800 [DEBUG] [org.gradle.launcher.daemon.server.SynchronizedDispatchConnection] thread 207: stopping connection
2024-01-07T16:51:56.295+0800 [DEBUG] [org.gradle.launcher.daemon.server.SynchronizedDispatchConnection] thread 123: dispatching Success[value=org.gradle.launcher.exec.BuildActionResult@3dc0d171]
2024-01-07T16:51:56.296+0800 [DEBUG] [org.gradle.cache.internal.DefaultFileLockManager] Lock acquired on daemon addresses registry.
2024-01-07T16:51:56.296+0800 [DEBUG] [org.gradle.launcher.daemon.server.SynchronizedDispatchConnection] thread 207: stopping connection
2024-01-07T16:51:56.298+0800 [DEBUG] [org.gradle.cache.internal.DefaultFileLockManager] Releasing lock on daemon addresses registry.
2024-01-07T16:51:56.299+0800 [DEBUG] [org.gradle.launcher.daemon.server.SynchronizedDispatchConnection] thread 209: dispatching Success[value=null]
2024-01-07T16:51:56.299+0800 [DEBUG] [org.gradle.launcher.daemon.registry.PersistentDaemonRegistry] Removing daemon address: [16e34e09-7516-441e-aa16-9c561cce0bfa port:55407, addresses:[localhost/127.0.0.1]]
2024-01-07T16:51:56.299+0800 [DEBUG] [org.gradle.launcher.daemon.server.DefaultIncomingConnectionHandler] Finishing executing command: StopWhenIdle[id=28891ede-f3bb-49d5-914f-acc650b29706]
2024-01-07T16:51:56.300+0800 [DEBUG] [org.gradle.launcher.daemon.server.SynchronizedDispatchConnection] thread 210: received class org.gradle.launcher.daemon.protocol.Finished
2024-01-07T16:51:56.300+0800 [DEBUG] [org.gradle.launcher.daemon.server.DefaultDaemonConnection] thread 210: Received non-IO message from client: org.gradle.launcher.daemon.protocol.Finished@31ae2025
2024-01-07T16:51:56.300+0800 [DEBUG] [org.gradle.launcher.daemon.server.DefaultIncomingConnectionHandler] Received finished message: org.gradle.launcher.daemon.protocol.Finished@31ae2025
2024-01-07T16:51:56.300+0800 [DEBUG] [org.gradle.internal.remote.internal.inet.SocketConnection] Discarding EOFException: java.io.EOFException
2024-01-07T16:51:56.301+0800 [DEBUG] [org.gradle.launcher.daemon.server.SynchronizedDispatchConnection] thread 209: stopping connection
2024-01-07T16:51:56.301+0800 [DEBUG] [org.gradle.launcher.daemon.server.SynchronizedDispatchConnection] thread 210: received null
2024-01-07T16:51:56.301+0800 [DEBUG] [org.gradle.launcher.daemon.server.DefaultDaemonConnection] thread 210: Received end-of-input from client.
2024-01-07T16:51:56.302+0800 [DEBUG] [org.gradle.launcher.daemon.server.SynchronizedDispatchConnection] thread 209: stopping connection
2024-01-07T16:51:56.303+0800 [DEBUG] [org.gradle.cache.internal.DefaultFileLockManager] Waiting to acquire exclusive lock on daemon addresses registry.
2024-01-07T16:51:56.303+0800 [DEBUG] [org.gradle.cache.internal.DefaultFileLockManager] Lock acquired on daemon addresses registry.
2024-01-07T16:51:56.306+0800 [DEBUG] [org.gradle.cache.internal.DefaultFileLockManager] Releasing lock on daemon addresses registry.
2024-01-07T16:51:56.307+0800 [DEBUG] [org.gradle.launcher.daemon.server.DaemonRegistryUpdater] Address removed from registry.
2024-01-07T16:51:56.308+0800 [DEBUG] [org.gradle.launcher.daemon.server.DefaultIncomingConnectionHandler] Finishing executing command: Build{id=90484984-ed66-4e63-8b6a-2e5b3929f829, currentDir=C:\Users\Vio\IdeaProjects\badSpaceShooter\desktop}
2024-01-07T16:51:56.327+0800 [DEBUG] [org.gradle.launcher.daemon.server.SynchronizedDispatchConnection] thread 124: received class org.gradle.launcher.daemon.protocol.Finished
2024-01-07T16:51:56.327+0800 [DEBUG] [org.gradle.launcher.daemon.server.DefaultDaemonConnection] thread 124: Received non-IO message from client: org.gradle.launcher.daemon.protocol.Finished@35aaf64f
2024-01-07T16:51:56.327+0800 [DEBUG] [org.gradle.launcher.daemon.server.DefaultIncomingConnectionHandler] Received finished message: org.gradle.launcher.daemon.protocol.Finished@35aaf64f
2024-01-07T16:51:56.327+0800 [DEBUG] [org.gradle.internal.remote.internal.inet.SocketConnection] Discarding EOFException: java.io.EOFException
2024-01-07T16:51:56.327+0800 [DEBUG] [org.gradle.launcher.daemon.server.SynchronizedDispatchConnection] thread 123: stopping connection
2024-01-07T16:51:56.328+0800 [DEBUG] [org.gradle.launcher.daemon.server.SynchronizedDispatchConnection] thread 124: received null
2024-01-07T16:51:56.328+0800 [DEBUG] [org.gradle.launcher.daemon.server.DefaultDaemonConnection] thread 124: Received end-of-input from client.
2024-01-07T16:51:56.328+0800 [DEBUG] [org.gradle.launcher.daemon.server.SynchronizedDispatchConnection] thread 123: stopping connection
2024-01-07T16:51:56.330+0800 [DEBUG] [org.gradle.cache.internal.LockOnDemandCrossProcessCacheAccess] Releasing file lock for jars (C:\Users\Vio\IdeaProjects\badSpaceShooter\caches\jars-9)
2024-01-07T16:51:56.330+0800 [DEBUG] [org.gradle.cache.internal.DefaultFileLockManager] Releasing lock on jars (C:\Users\Vio\IdeaProjects\badSpaceShooter\caches\jars-9).
2024-01-07T16:51:56.332+0800 [DEBUG] [org.gradle.cache.internal.DefaultPersistentDirectoryStore] jars (C:\Users\Vio\IdeaProjects\badSpaceShooter\caches\jars-9) has last been fully cleaned up 7468 hours ago
2024-01-07T16:51:56.336+0800 [INFO] [org.gradle.cache.internal.AbstractCacheCleanup] jars (C:\Users\Vio\IdeaProjects\badSpaceShooter\caches\jars-9) cleanup deleted 0 files/directories.
2024-01-07T16:51:56.337+0800 [INFO] [org.gradle.cache.internal.LeastRecentlyUsedCacheCleanup] jars (C:\Users\Vio\IdeaProjects\badSpaceShooter\caches\jars-9) removing files not accessed on or after Sun Dec 31 16:45:16 WITA 2023.
2024-01-07T16:51:56.338+0800 [INFO] [org.gradle.cache.internal.AbstractCacheCleanup] jars (C:\Users\Vio\IdeaProjects\badSpaceShooter\caches\jars-9) cleanup deleted 0 files/directories.
2024-01-07T16:51:56.339+0800 [INFO] [org.gradle.cache.internal.DefaultPersistentDirectoryStore] jars (C:\Users\Vio\IdeaProjects\badSpaceShooter\caches\jars-9) cleaned up in 0.006 secs.
2024-01-07T16:51:56.340+0800 [DEBUG] [org.gradle.cache.internal.LockOnDemandCrossProcessCacheAccess] Releasing file lock for file content cache (C:\Users\Vio\IdeaProjects\badSpaceShooter\caches\7.3.2\fileContent)
2024-01-07T16:51:56.340+0800 [DEBUG] [org.gradle.cache.internal.DefaultFileLockManager] Releasing lock on file content cache (C:\Users\Vio\IdeaProjects\badSpaceShooter\caches\7.3.2\fileContent).
2024-01-07T16:51:56.341+0800 [DEBUG] [org.gradle.internal.watch.vfs.impl.WatchingVirtualFileSystem] Closing VFS, dropping state
2024-01-07T16:51:56.343+0800 [DEBUG] [org.gradle.internal.watch.registry.impl.DefaultFileWatcherRegistry] Finished listening to file system change events
2024-01-07T16:51:56.344+0800 [DEBUG] [org.gradle.cache.internal.DefaultPersistentDirectoryStore] Artifact transforms cache (C:\Users\Vio\IdeaProjects\badSpaceShooter\caches\transforms-3) has last been fully cleaned up 7468 hours ago
2024-01-07T16:51:56.344+0800 [INFO] [org.gradle.cache.internal.LeastRecentlyUsedCacheCleanup] Artifact transforms cache (C:\Users\Vio\IdeaProjects\badSpaceShooter\caches\transforms-3) removing files not accessed on or after Sun Dec 31 16:45:17 WITA 2023.
2024-01-07T16:51:56.345+0800 [INFO] [org.gradle.cache.internal.AbstractCacheCleanup] Artifact transforms cache (C:\Users\Vio\IdeaProjects\badSpaceShooter\caches\transforms-3) cleanup deleted 0 files/directories.
2024-01-07T16:51:56.346+0800 [INFO] [org.gradle.cache.internal.DefaultPersistentDirectoryStore] Artifact transforms cache (C:\Users\Vio\IdeaProjects\badSpaceShooter\caches\transforms-3) cleaned up in 0.001 secs.
2024-01-07T16:51:56.346+0800 [DEBUG] [org.gradle.cache.internal.DefaultCacheAccess] Cache Artifact transforms cache (C:\Users\Vio\IdeaProjects\badSpaceShooter\caches\transforms-3) was closed 0 times.
2024-01-07T16:51:56.346+0800 [DEBUG] [org.gradle.cache.internal.LockOnDemandCrossProcessCacheAccess] Releasing file lock for artifact cache (C:\Users\Vio\IdeaProjects\badSpaceShooter\caches\modules-2)
2024-01-07T16:51:56.347+0800 [DEBUG] [org.gradle.cache.internal.btree.BTreePersistentIndexedCache] Closing cache module-metadata.bin (C:\Users\Vio\IdeaProjects\badSpaceShooter\caches\modules-2\metadata-2.97\module-metadata.bin)
2024-01-07T16:51:56.347+0800 [DEBUG] [org.gradle.cache.internal.btree.BTreePersistentIndexedCache] Closing cache module-artifact.bin (C:\Users\Vio\IdeaProjects\badSpaceShooter\caches\modules-2\metadata-2.97\module-artifact.bin)
2024-01-07T16:51:56.347+0800 [DEBUG] [org.gradle.cache.internal.DefaultFileLockManager] Releasing lock on artifact cache (C:\Users\Vio\IdeaProjects\badSpaceShooter\caches\modules-2).
2024-01-07T16:51:56.348+0800 [DEBUG] [org.gradle.cache.internal.DefaultPersistentDirectoryStore] artifact cache (C:\Users\Vio\IdeaProjects\badSpaceShooter\caches\modules-2) has last been fully cleaned up 7468 hours ago
2024-01-07T16:51:56.351+0800 [INFO] [org.gradle.cache.internal.AbstractCacheCleanup] artifact cache (C:\Users\Vio\IdeaProjects\badSpaceShooter\caches\modules-2) cleanup deleted 0 files/directories.
2024-01-07T16:51:56.353+0800 [INFO] [org.gradle.cache.internal.AbstractCacheCleanup] artifact cache (C:\Users\Vio\IdeaProjects\badSpaceShooter\caches\modules-2) [subdir: C:\Users\Vio\IdeaProjects\badSpaceShooter\caches\modules-2\resources-2.1] cleanup deleted 0 files/directories.
2024-01-07T16:51:56.353+0800 [INFO] [org.gradle.cache.internal.LeastRecentlyUsedCacheCleanup] artifact cache (C:\Users\Vio\IdeaProjects\badSpaceShooter\caches\modules-2) [subdir: C:\Users\Vio\IdeaProjects\badSpaceShooter\caches\modules-2\resources-2.1] removing files not accessed on or after Fri Dec 08 16:45:24 WITA 2023.
2024-01-07T16:51:56.354+0800 [INFO] [org.gradle.cache.internal.AbstractCacheCleanup] artifact cache (C:\Users\Vio\IdeaProjects\badSpaceShooter\caches\modules-2) [subdir: C:\Users\Vio\IdeaProjects\badSpaceShooter\caches\modules-2\resources-2.1] cleanup deleted 0 files/directories.
2024-01-07T16:51:56.356+0800 [INFO] [org.gradle.cache.internal.AbstractCacheCleanup] artifact cache (C:\Users\Vio\IdeaProjects\badSpaceShooter\caches\modules-2) [subdir: C:\Users\Vio\IdeaProjects\badSpaceShooter\caches\modules-2\files-2.1] cleanup deleted 0 files/directories.
2024-01-07T16:51:56.356+0800 [INFO] [org.gradle.cache.internal.LeastRecentlyUsedCacheCleanup] artifact cache (C:\Users\Vio\IdeaProjects\badSpaceShooter\caches\modules-2) [subdir: C:\Users\Vio\IdeaProjects\badSpaceShooter\caches\modules-2\files-2.1] removing files not accessed on or after Fri Dec 08 16:45:24 WITA 2023.
2024-01-07T16:51:56.373+0800 [INFO] [org.gradle.cache.internal.AbstractCacheCleanup] artifact cache (C:\Users\Vio\IdeaProjects\badSpaceShooter\caches\modules-2) [subdir: C:\Users\Vio\IdeaProjects\badSpaceShooter\caches\modules-2\files-2.1] cleanup deleted 0 files/directories.
2024-01-07T16:51:56.376+0800 [INFO] [org.gradle.cache.internal.AbstractCacheCleanup] artifact cache (C:\Users\Vio\IdeaProjects\badSpaceShooter\caches\modules-2) [subdir: C:\Users\Vio\IdeaProjects\badSpaceShooter\caches\modules-2\metadata-2.97] cleanup deleted 0 files/directories.
2024-01-07T16:51:56.377+0800 [INFO] [org.gradle.cache.internal.DefaultPersistentDirectoryStore] artifact cache (C:\Users\Vio\IdeaProjects\badSpaceShooter\caches\modules-2) cleaned up in 0.028 secs.
2024-01-07T16:51:56.378+0800 [DEBUG] [org.gradle.cache.internal.LockOnDemandCrossProcessCacheAccess] Releasing file lock for journal cache (C:\Users\Vio\IdeaProjects\badSpaceShooter\caches\journal-1)
2024-01-07T16:51:56.378+0800 [DEBUG] [org.gradle.cache.internal.btree.BTreePersistentIndexedCache] Closing cache file-access.bin (C:\Users\Vio\IdeaProjects\badSpaceShooter\caches\journal-1\file-access.bin)
2024-01-07T16:51:56.379+0800 [DEBUG] [org.gradle.cache.internal.DefaultFileLockManager] Releasing lock on journal cache (C:\Users\Vio\IdeaProjects\badSpaceShooter\caches\journal-1).
2024-01-07T16:51:56.380+0800 [DEBUG] [org.gradle.cache.internal.LockOnDemandCrossProcessCacheAccess] Releasing file lock for file hash cache (C:\Users\Vio\IdeaProjects\badSpaceShooter\caches\7.3.2\fileHashes)
2024-01-07T16:51:56.380+0800 [DEBUG] [org.gradle.cache.internal.btree.BTreePersistentIndexedCache] Closing cache fileHashes.bin (C:\Users\Vio\IdeaProjects\badSpaceShooter\caches\7.3.2\fileHashes\fileHashes.bin)
2024-01-07T16:51:56.380+0800 [DEBUG] [org.gradle.cache.internal.btree.BTreePersistentIndexedCache] Closing cache resourceHashesCache.bin (C:\Users\Vio\IdeaProjects\badSpaceShooter\caches\7.3.2\fileHashes\resourceHashesCache.bin)
2024-01-07T16:51:56.381+0800 [DEBUG] [org.gradle.cache.internal.DefaultFileLockManager] Releasing lock on file hash cache (C:\Users\Vio\IdeaProjects\badSpaceShooter\caches\7.3.2\fileHashes).
2024-01-07T16:51:56.381+0800 [DEBUG] [org.gradle.cache.internal.DefaultCacheAccess] Cache Generated Gradle JARs cache (C:\Users\Vio\IdeaProjects\badSpaceShooter\caches\7.3.2\generated-gradle-jars) was closed 0 times.
2024-01-07T16:51:56.382+0800 [DEBUG] [org.gradle.cache.internal.LockOnDemandCrossProcessCacheAccess] Releasing file lock for execution history cache (C:\Users\Vio\IdeaProjects\badSpaceShooter\caches\7.3.2\executionHistory)
2024-01-07T16:51:56.382+0800 [DEBUG] [org.gradle.cache.internal.DefaultFileLockManager] Releasing lock on execution history cache (C:\Users\Vio\IdeaProjects\badSpaceShooter\caches\7.3.2\executionHistory).
2024-01-07T16:51:56.383+0800 [DEBUG] [org.gradle.cache.internal.LockOnDemandCrossProcessCacheAccess] Releasing file lock for Java compile cache (C:\Users\Vio\IdeaProjects\badSpaceShooter\caches\7.3.2\javaCompile)
2024-01-07T16:51:56.383+0800 [DEBUG] [org.gradle.cache.internal.btree.BTreePersistentIndexedCache] Closing cache jarAnalysis.bin (C:\Users\Vio\IdeaProjects\badSpaceShooter\caches\7.3.2\javaCompile\jarAnalysis.bin)
2024-01-07T16:51:56.383+0800 [DEBUG] [org.gradle.cache.internal.btree.BTreePersistentIndexedCache] Closing cache classAnalysis.bin (C:\Users\Vio\IdeaProjects\badSpaceShooter\caches\7.3.2\javaCompile\classAnalysis.bin)
2024-01-07T16:51:56.384+0800 [DEBUG] [org.gradle.cache.internal.DefaultFileLockManager] Releasing lock on Java compile cache (C:\Users\Vio\IdeaProjects\badSpaceShooter\caches\7.3.2\javaCompile).
2024-01-07T16:51:56.388+0800 [DEBUG] [org.gradle.cache.internal.VersionSpecificCacheCleanupAction] Processed version-specific caches at C:\Users\Vio\IdeaProjects\badSpaceShooter\caches for cleanup in 0.001 secs
Daemon vm is shutting down... The daemon has exited normally or was terminated in response to a user interrupt.
2024-01-07T16:51:56.397+0800 [DEBUG] [org.gradle.launcher.daemon.registry.PersistentDaemonRegistry] Removing daemon address: [16e34e09-7516-441e-aa16-9c561cce0bfa port:55407, addresses:[localhost/127.0.0.1]]
2024-01-07T16:51:56.400+0800 [DEBUG] [org.gradle.cache.internal.DefaultFileLockManager] Waiting to acquire exclusive lock on daemon addresses registry.
2024-01-07T16:51:56.401+0800 [DEBUG] [org.gradle.cache.internal.DefaultFileLockManager] Lock acquired on daemon addresses registry.
2024-01-07T16:51:56.404+0800 [DEBUG] [org.gradle.cache.internal.DefaultFileLockManager] Releasing lock on daemon addresses registry.
